<?xml version="1.0" encoding="UTF-8"?>
<!-- Generated by org.testng.reporters.JUnitReportReporter -->
<testsuite skipped="0" hostname="DESKTOP-C308JOJ" name="com.InetBanking.TestCases.NewCustomerPageTc" tests="1" failures="0" timestamp="01 Nov 2019 11:23:36 GMT" time="158.453" errors="0">
  <testcase name="addnewcustomer" time="158.453" classname="com.InetBanking.TestCases.NewCustomerPageTc"/>
</testsuite> <!-- com.InetBanking.TestCases.NewCustomerPageTc -->
